<?xml version="1.0" encoding="UTF-8"?>
<testsuite name="com.linecorp.bot.model.event.MessageEventTest" tests="2" skipped="0" failures="0" errors="0" timestamp="2017-11-01T03:58:24" hostname="Ignaviers-MacBook-Pro.local" time="0.004">
  <properties/>
  <testcase name="getMessageBinaryCompatibilityTest" classname="com.linecorp.bot.model.event.MessageEventTest" time="0.001"/>
  <testcase name="constructor2ndParameterBinaryCompatibilityTest" classname="com.linecorp.bot.model.event.MessageEventTest" time="0.002"/>
  <system-out><![CDATA[]]></system-out>
  <system-err><![CDATA[]]></system-err>
</testsuite>
